/public/groups/kimlab/aale.kras/data/possible.junk/aale.de.seq.norm.counts.csv
/public/groups/kimlab/aale.kras/data/possible.junk/ha1em.aale/ha1em.de.seq.norm.counts.csv
/public/groups/kimlab/aale.kras/data/possible.junk/fastq.output/output/aale.de.seq.norm.counts.csv
/public/groups/kimlab/panc.plasma.2020/data/seq.output/rna.seq.analysis/gencode.de.seq.upregulated.biomarkers.xls
/public/groups/kimlab/panc.plasma.2020/data/seq.output/rna.seq.analysis/rmsk.gencode.de.seq.upregulated.biomarkers.xls
/public/groups/kimlab/panc.plasma.2020/data/seq.output/rna.seq.analysis/new.panc.de.seq.output.csv
/public/groups/kimlab/panc.plasma.2020/data/seq.output/rna.seq.analysis/te.locus.plasma.de.seq.norm.counts.csv
/public/groups/kimlab/panc.plasma.2020/data/seq.output/rna.seq.analysis/tx.te.locus.plasma.de.seq.norm.counts.csv
/public/groups/kimlab/panc.plasma.2020/data/seq.output/data/panc.vs.ctrl.de.seq.csv
/public/groups/kimlab/panc.plasma.2020/data/seq.output/data/plasma.de.seq.norm.counts.csv
/public/groups/kimlab/panc.plasma.2020/data/seq.output/data/4.2.7.1.te.gene.plasma.de.seq.norm.counts.csv
/public/groups/kimlab/panc.plasma.2020/data/seq.output/data/4.2.7.1.te.multi.var.panc.vs.ctrl.de.seq.csv
/public/groups/kimlab/panc.plasma.2020/data/seq.output/data/8.3.5.te.gene.plasma.de.seq.norm.counts.csv
/public/groups/kimlab/panc.plasma.2020/data/seq.output/data/8.3.5.te.multi.var.panc.vs.ctrl.de.seq.csv
/public/groups/kimlab/panc.plasma.2020/data/seq.output/data/9.6.10.te.gene.plasma.de.seq.norm.counts.csv
/public/groups/kimlab/panc.plasma.2020/data/seq.output/data/9.6.10.te.multi.var.panc.vs.ctrl.de.seq.csv
/public/groups/kimlab/panc.plasma.2020/data/seq.output/data/9.6.10.multi.var.panc.vs.ctrl.de.seq.csv
/public/groups/kimlab/panc.plasma.2020/data/seq.output/data/8.3.5.multi.var.panc.vs.ctrl.de.seq.csv
/public/groups/kimlab/panc.plasma.2020/data/seq.output/data/4.2.7.1.multi.var.panc.vs.ctrl.de.seq.csv
/public/groups/kimlab/panc.plasma.2020/data/seq.output/data/3.2.9.1.multi.var.panc.vs.ctrl.de.seq.csv
/public/groups/kimlab/panc.plasma.2020/data/seq.output/data/7.6.5.10.multi.var.panc.vs.ctrl.de.seq.csv
/public/groups/kimlab/panc.plasma.2020/data/seq.output/data/age.7.6.5.10.multi.var.panc.vs.ctrl.de.seq.csv
/public/groups/kimlab/panc.plasma.2020/data/seq.output/data/age.3.2.9.1.multi.var.panc.vs.ctrl.de.seq.csv
/public/groups/kimlab/panc.plasma.2020/data/seq.output/data/diabetes.multi.var.panc.vs.ctrl.de.seq.csv
/public/groups/kimlab/panc.plasma.2020/data/seq.output/data/2.10.5.6.7.multi.var.panc.vs.ctrl.de.seq.csv
/public/groups/kimlab/panc.plasma.2020/data/seq.output/data/3.1.4.8.9.multi.var.panc.vs.ctrl.de.seq.csv
/public/groups/kimlab/panc.plasma.2020/data/seq.output/data/te.tx.plasma.de.seq.norm.counts.csv
/public/groups/kimlab/panc.plasma.2020/data/seq.output/data/group.1.vs.2.multi.var.panc.vs.ctrl.de.seq.csv
/public/groups/kimlab/panc.plasma.2020/data/seq.output/data/8.3.4.multi.var.panc.vs.ctrl.de.seq.csv
/public/groups/kimlab/panc.plasma.2020/data/seq.output/data/9.2.1.multi.var.panc.vs.ctrl.de.seq.csv
/public/groups/kimlab/panc.plasma.2020/data/seq.output/data/overall.multi.var.panc.vs.ctrl.de.seq.csv
/public/groups/kimlab/panc.plasma.2020/data/seq.output/data/9.2.1.te.multi.var.panc.vs.ctrl.de.seq.csv
/public/groups/kimlab/panc.plasma.2020/data/seq.output/data/8.4.3.te.multi.var.panc.vs.ctrl.de.seq.csv
/public/groups/kimlab/panc.plasma.2020/data/seq.output/data/10.6.7.5.te.multi.var.panc.vs.ctrl.de.seq.csv
/public/groups/kimlab/panc.plasma.2020/data/seq.output/data/panc.young.vs.old.te.multi.var.panc.vs.ctrl.de.seq.csv
/public/groups/kimlab/panc.plasma.2020/data/seq.output/data/panc.youngest.vs.oldest.te.multi.var.panc.vs.ctrl.de.seq.csv
/public/groups/kimlab/panc.plasma.2020/data/seq.output/data/overall.locus.te.multi.var.panc.vs.ctrl.de.seq.csv
/public/groups/kimlab/panc.plasma.2020/data/seq.output/data/multi.var.panc.vs.ctrl.de.seq.csv
/public/groups/kimlab/panc.plasma.2020/data/seq.output/data/te.gene.plasma.de.seq.norm.counts.csv
/public/groups/kimlab/panc.plasma.2020/data/seq.output/data/te.multi.var.panc.vs.ctrl.de.seq.csv
/public/groups/kimlab/panc.plasma.2020/data/seq.output/data/tx.plasma.de.seq.norm.counts.csv
/public/groups/kimlab/panc.plasma.2020/plasma.rreggiar.geo.sub/multi.var.panc.vs.ctrl.de.seq.csv
/public/groups/kimlab/panc.plasma.2020/plasma.rreggiar.geo.sub/panc.vs.ctrl.de.seq.csv
/public/groups/kimlab/panc.plasma.2020/plasma.rreggiar.geo.sub/plasma.de.seq.norm.counts.csv
/public/groups/kimlab/panc.plasma.2020/plasma.rreggiar.geo.sub/te.gene.plasma.de.seq.norm.counts.csv
/public/groups/kimlab/panc.plasma.2020/plasma.rreggiar.geo.sub/te.multi.var.panc.vs.ctrl.de.seq.csv
/public/groups/kimlab/panc.plasma.2020/plasma.rreggiar.geo.sub/te.tx.plasma.de.seq.norm.counts.csv
/public/groups/kimlab/panc.plasma.2020/plasma.rreggiar.geo.sub/tx.plasma.de.seq.norm.counts.csv
/public/groups/kimlab/kras.ipsc/bulk.data/day.5/day.5.te.locus.de.seq.csv
/public/groups/kimlab/kras.ipsc/exo.data/ctrl.de.seq.csv
/public/groups/kimlab/kras.ipsc/exo.data/kras.de.seq.csv
/public/groups/kimlab/kras.ipsc/exo.data/exo.te.locus.de.seq.csv
/public/groups/kimlab/kras.ipsc/exo.data/ctrl.te.exo.comp.de.seq.csv
/public/groups/kimlab/kras.ipsc/exo.data/kras.te.exo.comp.de.seq.csv
/public/groups/kimlab/kras.ipsc/day.7.de.seq.norm.counts.csv
/public/groups/kimlab/kras.ipsc/day.7.de.seq.csv
/public/groups/kimlab/kras.ipsc/day.5.de.seq.norm.counts.csv
/public/groups/kimlab/kras.ipsc/day.5.de.seq.csv
/public/groups/kimlab/kras.ipsc/cross.compare.de.seq
/public/groups/kimlab/aale.luad.exo/aale.exo.data/de.seq.csv
/public/groups/kimlab/aale.luad.exo/aale.exo.data/gencode.de.seq.csv
/public/groups/kimlab/aale.luad.exo/in.vitro.data/de.seq.csv
/public/groups/kimlab/aale.luad.exo/patient.data/de.seq.csv
/public/groups/kimlab/aale.luad.exo/patient.data/gencode.de.seq.csv
